INFO 2025-05-01 10:24:58,915 autoreload 677 Watching for file changes with StatReloader
INFO 2025-05-01 10:30:23,364 basehttp 187 "GET /index/get_banner/ HTTP/1.1" 200 457
INFO 2025-05-01 10:30:23,368 basehttp 187 "GET /index/get_index_data/ HTTP/1.1" 200 553
INFO 2025-05-01 10:30:23,371 basehttp 187 "GET /index/get_banner/ HTTP/1.1" 200 457
INFO 2025-05-01 10:30:23,375 basehttp 187 "GET /index/get_index_data/ HTTP/1.1" 200 553
INFO 2025-05-01 10:30:23,432 basehttp 187 "GET /media/banner/banner1.jpg HTTP/1.1" 304 0
INFO 2025-05-01 10:30:23,433 basehttp 187 "GET /media/banner/banner2.jpg HTTP/1.1" 304 0
INFO 2025-05-01 10:30:23,434 basehttp 187 "GET /media/banner/banner3.jpg HTTP/1.1" 304 0
INFO 2025-05-01 10:30:25,614 basehttp 187 "GET /index/get_tuwen_desc/?search=1 HTTP/1.1" 200 623
INFO 2025-05-01 10:30:25,625 basehttp 187 "GET /media/tuwen/%E5%B1%8F%E5%B9%95%E6%88%AA%E5%9B%BE_2025-04-27_202516.png HTTP/1.1" 304 0
INFO 2025-05-01 10:30:29,012 basehttp 187 "GET /index/get_banner/ HTTP/1.1" 200 457
INFO 2025-05-01 10:30:29,018 basehttp 187 "GET /index/get_index_data/ HTTP/1.1" 200 553
INFO 2025-05-01 10:30:30,234 basehttp 187 "GET /index/get_tuwen_desc/?search=2 HTTP/1.1" 200 906
INFO 2025-05-01 10:30:30,246 basehttp 187 "GET /media/tuwen/%E5%B1%8F%E5%B9%95%E6%88%AA%E5%9B%BE_2025-04-25_215637.png HTTP/1.1" 304 0
INFO 2025-05-01 10:31:25,263 basehttp 187 "GET /index/get_banner/ HTTP/1.1" 200 457
INFO 2025-05-01 10:31:25,279 basehttp 187 "GET /index/get_index_data/ HTTP/1.1" 200 553
INFO 2025-05-01 10:32:09,845 basehttp 187 "GET /index/get_banner/ HTTP/1.1" 200 457
INFO 2025-05-01 10:32:09,850 basehttp 187 "GET /index/get_index_data/ HTTP/1.1" 200 553
INFO 2025-05-01 10:32:09,854 basehttp 187 "GET /index/get_banner/ HTTP/1.1" 200 457
INFO 2025-05-01 10:32:09,858 basehttp 187 "GET /index/get_index_data/ HTTP/1.1" 200 553
INFO 2025-05-01 10:32:12,018 basehttp 187 "GET /index/get_tuwen_desc/?search=1 HTTP/1.1" 200 623
INFO 2025-05-01 10:32:16,676 basehttp 187 "GET /index/get_banner/ HTTP/1.1" 200 457
INFO 2025-05-01 10:32:16,680 basehttp 187 "GET /index/get_index_data/ HTTP/1.1" 200 553
INFO 2025-05-01 10:34:07,661 basehttp 187 "GET /index/get_tuwen_desc/?search=1 HTTP/1.1" 200 623
INFO 2025-05-01 10:34:11,233 basehttp 187 "GET /index/get_banner/ HTTP/1.1" 200 457
INFO 2025-05-01 10:34:11,236 basehttp 187 "GET /index/get_index_data/ HTTP/1.1" 200 553
INFO 2025-05-01 10:34:12,667 basehttp 187 "GET /index/get_tuwen_desc/?search=2 HTTP/1.1" 200 906
INFO 2025-05-01 10:34:16,263 basehttp 187 "GET /index/get_banner/ HTTP/1.1" 200 457
INFO 2025-05-01 10:34:16,266 basehttp 187 "GET /index/get_index_data/ HTTP/1.1" 200 553
INFO 2025-05-01 10:34:17,669 basehttp 187 "GET /index/get_tuwen_desc/?search=5 HTTP/1.1" 200 400
INFO 2025-05-01 10:34:17,678 basehttp 187 "GET /media/tuwen/deering.jpg HTTP/1.1" 304 0
INFO 2025-05-01 10:34:19,940 basehttp 187 "GET /index/get_banner/ HTTP/1.1" 200 457
INFO 2025-05-01 10:34:19,942 basehttp 187 "GET /index/get_index_data/ HTTP/1.1" 200 553
INFO 2025-05-01 10:34:21,460 basehttp 187 "GET /index/get_tuwen_desc/?search=3 HTTP/1.1" 200 593
INFO 2025-05-01 10:34:21,472 basehttp 187 "GET /media/tuwen/%E5%B1%8F%E5%B9%95%E6%88%AA%E5%9B%BE_2025-04-25_215826.png HTTP/1.1" 304 0
INFO 2025-05-01 10:34:24,105 basehttp 187 "GET /index/get_banner/ HTTP/1.1" 200 457
INFO 2025-05-01 10:34:24,109 basehttp 187 "GET /index/get_index_data/ HTTP/1.1" 200 553
INFO 2025-05-01 10:34:26,583 basehttp 187 "GET /index/get_tuwen_desc/?search=4 HTTP/1.1" 200 947
INFO 2025-05-01 10:34:26,594 basehttp 187 "GET /media/tuwen/%E5%B1%8F%E5%B9%95%E6%88%AA%E5%9B%BE_2025-04-25_215741.png HTTP/1.1" 304 0
INFO 2025-05-01 10:34:34,933 basehttp 187 "GET /index/get_banner/ HTTP/1.1" 200 457
INFO 2025-05-01 10:34:34,938 basehttp 187 "GET /index/get_index_data/ HTTP/1.1" 200 553
INFO 2025-05-01 10:37:50,748 autoreload 677 Watching for file changes with StatReloader
INFO 2025-05-01 10:37:58,746 basehttp 187 "GET /admin/ HTTP/1.1" 200 21781
INFO 2025-05-01 10:37:58,791 basehttp 187 "GET /static/admin/simpleui-x/css/index.css?_=3.2 HTTP/1.1" 304 0
INFO 2025-05-01 10:37:58,791 basehttp 187 "GET /static/admin/simpleui-x/elementui/theme-chalk/index.css HTTP/1.1" 304 0
INFO 2025-05-01 10:37:58,791 basehttp 187 "GET /static/admin/simpleui-x/fontawesome-free-6.2.0-web/css/all.min.css HTTP/1.1" 304 0
INFO 2025-05-01 10:37:58,792 basehttp 187 "GET /static/admin/simpleui-x/waves/waves.min.css?_=2.1 HTTP/1.1" 304 0
INFO 2025-05-01 10:37:58,793 basehttp 187 "GET /static/admin/simpleui-x/js/vue.min.js?_=2024.4.1 HTTP/1.1" 304 0
INFO 2025-05-01 10:37:58,794 basehttp 187 "GET /media/logo.jpg HTTP/1.1" 304 0
INFO 2025-05-01 10:37:58,802 basehttp 187 "GET /static/admin/simpleui-x/elementui/index.js?_=2024.4.1 HTTP/1.1" 304 0
INFO 2025-05-01 10:37:58,802 basehttp 187 "GET /static/admin/simpleui-x/automatic/dicts.js?_=2024.4.1 HTTP/1.1" 304 0
INFO 2025-05-01 10:37:58,803 basehttp 187 "GET /static/admin/simpleui-x/automatic/segment.js?_=2024.4.1 HTTP/1.1" 304 0
INFO 2025-05-01 10:37:58,803 basehttp 187 "GET /static/admin/simpleui-x/locale/en-us.js?_=2024.4.1 HTTP/1.1" 304 0
INFO 2025-05-01 10:37:58,803 basehttp 187 "GET /static/admin/simpleui-x/locale/zh-hans.js?_=2024.4.1 HTTP/1.1" 304 0
INFO 2025-05-01 10:37:58,803 basehttp 187 "GET /static/admin/simpleui-x/js/cookie.js?_=2024.4.1 HTTP/1.1" 304 0
INFO 2025-05-01 10:37:58,808 basehttp 187 "GET /static/admin/simpleui-x/theme/theme.js?_=2024.4.1 HTTP/1.1" 304 0
INFO 2025-05-01 10:37:58,808 basehttp 187 "GET /static/admin/simpleui-x/waves/waves.min.js?_=2024.4.1 HTTP/1.1" 304 0
INFO 2025-05-01 10:37:58,808 basehttp 187 "GET /static/admin/simpleui-x/js/menu.js?_=2024.4.1 HTTP/1.1" 304 0
INFO 2025-05-01 10:37:58,809 basehttp 187 "GET /static/admin/simpleui-x/js/index.js?_=2024.4.1 HTTP/1.1" 304 0
INFO 2025-05-01 10:37:58,879 basehttp 187 "GET /static/admin/simpleui-x/theme/gray.css HTTP/1.1" 304 0
INFO 2025-05-01 10:37:58,918 basehttp 187 "GET /static/admin/simpleui-x/elementui/theme-chalk/fonts/element-icons.woff HTTP/1.1" 304 0
INFO 2025-05-01 10:37:58,919 basehttp 187 "GET /static/admin/simpleui-x/fontawesome-free-6.2.0-web/webfonts/fa-solid-900.woff2 HTTP/1.1" 304 0
WARNING 2025-05-01 10:37:58,977 log 241 Not Found: /favicon.ico
WARNING 2025-05-01 10:37:58,987 basehttp 187 "GET /favicon.ico HTTP/1.1" 404 2446
INFO 2025-05-01 10:38:00,438 basehttp 187 "GET /home/ HTTP/1.1" 200 7535
INFO 2025-05-01 10:38:05,547 basehttp 187 "GET /admin/index/basesettings HTTP/1.1" 301 0
INFO 2025-05-01 10:38:05,567 basehttp 187 "GET /admin/index/basesettings/ HTTP/1.1" 200 26054
INFO 2025-05-01 10:38:05,598 basehttp 187 "GET /static/admin/simpleui-x/locale/zh-hans.js HTTP/1.1" 304 0
INFO 2025-05-01 10:38:05,598 basehttp 187 "GET /static/admin/simpleui-x/css/base.css?_=2.7 HTTP/1.1" 304 0
INFO 2025-05-01 10:38:05,598 basehttp 187 "GET /static/admin/simpleui-x/js/language.js?_=2.1.2 HTTP/1.1" 304 0
INFO 2025-05-01 10:38:05,598 basehttp 187 "GET /static/admin/css/base.css?_=2.7 HTTP/1.1" 304 0
INFO 2025-05-01 10:38:05,598 basehttp 187 "GET /static/admin/simpleui-x/locale/en-us.js?_=2.1.2 HTTP/1.1" 304 0
INFO 2025-05-01 10:38:05,598 basehttp 187 "GET /static/admin/simpleui-x/theme/simpleui.css HTTP/1.1" 304 0
INFO 2025-05-01 10:38:05,605 basehttp 187 "GET /static/admin/css/changelists.css?_=20180905 HTTP/1.1" 304 0
INFO 2025-05-01 10:38:05,606 basehttp 187 "GET /static/admin/simpleui-x/js/cookie.js HTTP/1.1" 304 0
INFO 2025-05-01 10:38:05,608 basehttp 187 "GET /static/admin/css/responsive.css?_=20180905 HTTP/1.1" 304 0
INFO 2025-05-01 10:38:05,609 basehttp 187 "GET /static/admin/js/jquery.init.js HTTP/1.1" 304 0
INFO 2025-05-01 10:38:05,610 basehttp 187 "GET /static/admin/js/vendor/jquery/jquery.js HTTP/1.1" 304 0
INFO 2025-05-01 10:38:05,610 basehttp 187 "GET /static/admin/css/fonts.css HTTP/1.1" 304 0
INFO 2025-05-01 10:38:05,615 basehttp 187 "GET /static/admin/js/core.js HTTP/1.1" 304 0
INFO 2025-05-01 10:38:05,615 basehttp 187 "GET /static/admin/js/admin/RelatedObjectLookups.js HTTP/1.1" 304 0
INFO 2025-05-01 10:38:05,615 basehttp 187 "GET /static/admin/js/actions.js HTTP/1.1" 304 0
INFO 2025-05-01 10:38:05,615 basehttp 187 "GET /admin/jsi18n/ HTTP/1.1" 200 8603
INFO 2025-05-01 10:38:05,616 basehttp 187 "GET /static/admin/js/urlify.js HTTP/1.1" 304 0
INFO 2025-05-01 10:38:05,617 basehttp 187 "GET /static/admin/js/vendor/xregexp/xregexp.js HTTP/1.1" 304 0
INFO 2025-05-01 10:38:05,621 basehttp 187 "GET /static/admin/simpleui-x/automatic/dicts.js HTTP/1.1" 304 0
INFO 2025-05-01 10:38:05,622 basehttp 187 "GET /static/admin/simpleui-x/automatic/segment.js HTTP/1.1" 304 0
INFO 2025-05-01 10:38:05,623 basehttp 187 "GET /static/admin/simpleui-x/js/axios.min.js HTTP/1.1" 304 0
INFO 2025-05-01 10:38:05,623 basehttp 187 "GET /static/admin/js/prepopulate.js HTTP/1.1" 304 0
INFO 2025-05-01 10:38:05,624 basehttp 187 "GET /static/admin/js/vendor/jquery/jquery.min.js HTTP/1.1" 304 0
INFO 2025-05-01 10:38:05,669 basehttp 187 "GET /static/admin/fonts/Roboto-Regular-webfont.woff HTTP/1.1" 304 0
INFO 2025-05-01 10:38:05,669 basehttp 187 "GET /static/admin/fonts/Roboto-Bold-webfont.woff HTTP/1.1" 304 0
INFO 2025-05-01 10:38:06,395 basehttp 187 "GET /admin/index/canshusettings HTTP/1.1" 301 0
INFO 2025-05-01 10:38:06,410 basehttp 187 "GET /admin/index/canshusettings/ HTTP/1.1" 200 26807
INFO 2025-05-01 10:38:06,452 basehttp 187 "GET /admin/jsi18n/ HTTP/1.1" 200 8603
INFO 2025-05-01 10:38:07,673 basehttp 187 "GET /admin/index/user HTTP/1.1" 301 0
INFO 2025-05-01 10:38:07,692 basehttp 187 "GET /admin/index/user/ HTTP/1.1" 200 53423
INFO 2025-05-01 10:38:07,708 basehttp 187 "GET /media/avatar/7257241410_1a87dc5888_b.jpg HTTP/1.1" 304 0
INFO 2025-05-01 10:38:07,708 basehttp 187 "GET /media/avatar/t011408ea7ac25f372c_l2nJksn.jpg HTTP/1.1" 304 0
INFO 2025-05-01 10:38:07,708 basehttp 187 "GET /admin/jsi18n/ HTTP/1.1" 200 8603
INFO 2025-05-01 10:38:07,724 basehttp 187 "GET /media/avatar/deering.jpg HTTP/1.1" 304 0
INFO 2025-05-01 10:38:07,727 basehttp 187 "GET /media/avatar/Desktop-1920x1080-Campus.jpg HTTP/1.1" 304 0
INFO 2025-05-01 10:38:07,727 basehttp 187 "GET /media/avatar/Desktop-1920x1080-Deering.jpg HTTP/1.1" 304 0
INFO 2025-05-01 10:38:07,746 basehttp 187 "GET /media/avatar/Desktop-1920x1080-Sailing_rDvNoUL.jpg HTTP/1.1" 304 0
INFO 2025-05-01 10:38:07,746 basehttp 187 "GET /media/avatar/Desktop-1920x1080-Sailing.jpg HTTP/1.1" 304 0
INFO 2025-05-01 10:38:07,746 basehttp 187 "GET /media/avatar/mac2.jpg HTTP/1.1" 304 0
INFO 2025-05-01 10:38:07,746 basehttp 187 "GET /media/avatar/mac1.jpg HTTP/1.1" 304 0
INFO 2025-05-01 10:38:07,746 basehttp 187 "GET /media/avatar/Desktop-1920x1080-Lakeside.jpg HTTP/1.1" 304 0
INFO 2025-05-01 10:38:07,751 basehttp 187 "GET /media/avatar/mac3.jpg HTTP/1.1" 304 0
INFO 2025-05-01 10:38:07,754 basehttp 187 "GET /media/avatar/OHR.AtraniAmalfi_ZH-CN6391731688_UHD.jpg HTTP/1.1" 304 0
INFO 2025-05-01 10:38:07,761 basehttp 187 "GET /media/avatar/75e11ee1522d6da30a7ba3842751ba3.jpg HTTP/1.1" 304 0
INFO 2025-05-01 10:38:07,761 basehttp 187 "GET /media/avatar/OHR.QuebecFrontenac_ZH-CN9519096458_UHD.jpg HTTP/1.1" 304 0
INFO 2025-05-01 10:38:07,762 basehttp 187 "GET /media/avatar/OHR.GroundhogThree_ZH-CN6720558481_UHD.jpg HTTP/1.1" 304 0
INFO 2025-05-01 10:38:07,762 basehttp 187 "GET /media/avatar/OHR.SanGiovanni_ZH-CN3184593519_UHD.jpg HTTP/1.1" 304 0
INFO 2025-05-01 10:38:07,764 basehttp 187 "GET /media/avatar/wallparper2.jpg HTTP/1.1" 304 0
INFO 2025-05-01 10:38:07,765 basehttp 187 "GET /media/avatar/wallparper.jpg HTTP/1.1" 304 0
INFO 2025-05-01 10:38:07,769 basehttp 187 "GET /media/avatar/wallhaven-1pd1o9.jpg HTTP/1.1" 304 0
INFO 2025-05-01 10:38:07,769 basehttp 187 "GET /media/avatar/t011408ea7ac25f372c.jpg HTTP/1.1" 304 0
INFO 2025-05-01 10:38:07,769 basehttp 187 "GET /media/avatar/t016eeb47f29fa12fa0.jpg HTTP/1.1" 304 0
INFO 2025-05-01 10:38:07,783 basehttp 187 "GET /media/avatar/20250427090051.jpg HTTP/1.1" 304 0
INFO 2025-05-01 10:38:08,190 basehttp 187 "GET /admin/index/tuwen HTTP/1.1" 301 0
INFO 2025-05-01 10:38:08,210 basehttp 187 "GET /admin/index/tuwen/ HTTP/1.1" 200 38753
INFO 2025-05-01 10:38:08,210 basehttp 187 "GET /media/tuwen/deering.jpg HTTP/1.1" 304 0
INFO 2025-05-01 10:38:08,228 basehttp 187 "GET /admin/jsi18n/ HTTP/1.1" 200 8603
INFO 2025-05-01 10:38:08,236 basehttp 187 "GET /media/tuwen/%E5%B1%8F%E5%B9%95%E6%88%AA%E5%9B%BE_2025-04-25_215741.png HTTP/1.1" 304 0
INFO 2025-05-01 10:38:08,241 basehttp 187 "GET /media/tuwen/%E5%B1%8F%E5%B9%95%E6%88%AA%E5%9B%BE_2025-04-25_215826.png HTTP/1.1" 304 0
INFO 2025-05-01 10:38:08,245 basehttp 187 "GET /media/tuwen/%E5%B1%8F%E5%B9%95%E6%88%AA%E5%9B%BE_2025-04-25_215637.png HTTP/1.1" 304 0
INFO 2025-05-01 10:38:08,245 basehttp 187 "GET /media/tuwen/%E5%B1%8F%E5%B9%95%E6%88%AA%E5%9B%BE_2025-04-27_202516.png HTTP/1.1" 304 0
INFO 2025-05-01 10:38:11,786 basehttp 187 "GET /admin/index/tuwentype HTTP/1.1" 301 0
INFO 2025-05-01 10:38:11,804 basehttp 187 "GET /admin/index/tuwentype/ HTTP/1.1" 200 27176
INFO 2025-05-01 10:38:11,820 basehttp 187 "GET /admin/jsi18n/ HTTP/1.1" 200 8603
INFO 2025-05-01 10:38:12,217 basehttp 187 "GET /admin/index/banner HTTP/1.1" 301 0
INFO 2025-05-01 10:38:12,237 basehttp 187 "GET /admin/index/banner/ HTTP/1.1" 200 27307
INFO 2025-05-01 10:38:12,237 basehttp 187 "GET /media/banner/banner3.jpg HTTP/1.1" 304 0
INFO 2025-05-01 10:38:12,252 basehttp 187 "GET /admin/jsi18n/ HTTP/1.1" 200 8603
INFO 2025-05-01 10:38:12,260 basehttp 187 "GET /media/banner/banner2.jpg HTTP/1.1" 304 0
INFO 2025-05-01 10:38:12,260 basehttp 187 "GET /media/banner/banner1.jpg HTTP/1.1" 304 0
INFO 2025-05-01 10:38:12,768 basehttp 187 "GET /admin/index/jifenlog HTTP/1.1" 301 0
INFO 2025-05-01 10:38:12,787 basehttp 187 "GET /admin/index/jifenlog/ HTTP/1.1" 200 32124
INFO 2025-05-01 10:38:12,805 basehttp 187 "GET /admin/jsi18n/ HTTP/1.1" 200 8603
INFO 2025-05-01 10:38:13,392 basehttp 187 "GET /admin/index/yichang HTTP/1.1" 301 0
INFO 2025-05-01 10:38:13,420 basehttp 187 "GET /admin/index/yichang/ HTTP/1.1" 200 43967
INFO 2025-05-01 10:38:13,437 basehttp 187 "GET /admin/jsi18n/ HTTP/1.1" 200 8603
INFO 2025-05-01 10:38:14,734 basehttp 187 "GET /admin/index/yichangtype HTTP/1.1" 301 0
INFO 2025-05-01 10:38:14,751 basehttp 187 "GET /admin/index/yichangtype/ HTTP/1.1" 200 28390
INFO 2025-05-01 10:38:14,765 basehttp 187 "GET /admin/jsi18n/ HTTP/1.1" 200 8603
INFO 2025-05-01 10:38:15,105 basehttp 187 "GET /admin/index/tousu HTTP/1.1" 301 0
INFO 2025-05-01 10:38:15,152 basehttp 187 "GET /admin/index/tousu/ HTTP/1.1" 200 41842
INFO 2025-05-01 10:38:15,159 basehttp 187 "GET /admin/jsi18n/ HTTP/1.1" 200 8603
INFO 2025-05-01 10:38:15,453 basehttp 187 "GET /admin/index/tousutype HTTP/1.1" 301 0
INFO 2025-05-01 10:38:15,470 basehttp 187 "GET /admin/index/tousutype/ HTTP/1.1" 200 28937
INFO 2025-05-01 10:38:15,486 basehttp 187 "GET /admin/jsi18n/ HTTP/1.1" 200 8603
INFO 2025-05-01 10:38:15,821 basehttp 187 "GET /admin/index/jiufentype HTTP/1.1" 301 0
INFO 2025-05-01 10:38:15,839 basehttp 187 "GET /admin/index/jiufentype/ HTTP/1.1" 200 29556
INFO 2025-05-01 10:38:15,856 basehttp 187 "GET /admin/jsi18n/ HTTP/1.1" 200 8603
INFO 2025-05-01 10:38:17,388 basehttp 187 "GET /static/admin/simpleui-x/fontawesome-free-6.2.0-web/webfonts/fa-regular-400.woff2 HTTP/1.1" 304 0
INFO 2025-05-01 10:38:20,352 basehttp 187 "POST /admin/logout/ HTTP/1.1" 200 161
INFO 2025-05-01 10:38:20,404 basehttp 187 "GET /admin/login/ HTTP/1.1" 200 4026
INFO 2025-05-01 10:38:20,429 basehttp 187 "GET /static/admin/simpleui-x/css/login.css?_=2.1 HTTP/1.1" 304 0
INFO 2025-05-01 10:38:20,429 basehttp 187 "GET /static/admin/simpleui-x/js/login.js?_=3.3 HTTP/1.1" 304 0
INFO 2025-05-01 10:38:20,429 basehttp 187 "GET /static/admin/simpleui-x/img/bg.svg HTTP/1.1" 304 0
INFO 2025-05-01 10:38:20,429 basehttp 187 "GET /static/admin/simpleui-x/particles/particles.js HTTP/1.1" 304 0
INFO 2025-05-01 10:38:20,429 basehttp 187 "GET /static/admin/simpleui-x/particles/app.js HTTP/1.1" 304 0
